[0.054s] DEBUG:colcon:Command line arguments: ['/usr/bin/colcon', 'build']
[0.054s] DEBUG:colcon:Parsed command line arguments: Namespace(log_base=None, log_level=None, verb_name='build', build_base='build', install_base='install', merge_install=False, symlink_install=False, test_result_base=None, continue_on_error=False, executor='parallel', parallel_workers=32, event_handlers=None, ignore_user_meta=False, metas=['./colcon.meta'], base_paths=['.'], packages_ignore=None, packages_ignore_regex=None, paths=None, packages_up_to=None, packages_up_to_regex=None, packages_above=None, packages_above_and_dependencies=None, packages_above_depth=None, packages_select_by_dep=None, packages_skip_by_dep=None, packages_skip_up_to=None, packages_select_build_failed=False, packages_skip_build_finished=False, packages_select_test_failures=False, packages_skip_test_passed=False, packages_select=None, packages_skip=None, packages_select_regex=None, packages_skip_regex=None, packages_start=None, packages_end=None, allow_overriding=[], cmake_args=None, cmake_target=None, cmake_target_skip_unavailable=False, cmake_clean_cache=False, cmake_clean_first=False, cmake_force_configure=False, ament_cmake_args=None, catkin_cmake_args=None, catkin_skip_building_tests=False, mixin_files=None, mixin=None, verb_parser=<colcon_mixin.mixin.mixin_argument.MixinArgumentDecorator object at 0x782d9eefb1f0>, verb_extension=<colcon_core.verb.build.BuildVerb object at 0x782d9eefab60>, main=<bound method BuildVerb.main of <colcon_core.verb.build.BuildVerb object at 0x782d9eefab60>>, mixin_verb=('build',))
[0.280s] Level 1:colcon.colcon_core.package_discovery:discover_packages(colcon_meta) check parameters
[0.281s] Level 1:colcon.colcon_core.package_discovery:discover_packages(recursive) check parameters
[0.281s] Level 1:colcon.colcon_core.package_discovery:discover_packages(ignore) check parameters
[0.281s] Level 1:colcon.colcon_core.package_discovery:discover_packages(path) check parameters
[0.281s] Level 1:colcon.colcon_core.package_discovery:discover_packages(colcon_meta) discover
[0.281s] Level 1:colcon.colcon_core.package_discovery:discover_packages(recursive) discover
[0.281s] INFO:colcon.colcon_core.package_discovery:Crawling recursively for packages in '/home/slwp1/work/testing123/susan/ros2_ws'
[0.281s] Level 1:colcon.colcon_core.package_identification:_identify(.) by extensions ['ignore', 'ignore_ament_install']
[0.281s] Level 1:colcon.colcon_core.package_identification:_identify(.) by extension 'ignore'
[0.281s] Level 1:colcon.colcon_core.package_identification:_identify(.) by extension 'ignore_ament_install'
[0.281s] Level 1:colcon.colcon_core.package_identification:_identify(.) by extensions ['colcon_pkg']
[0.281s] Level 1:colcon.colcon_core.package_identification:_identify(.) by extension 'colcon_pkg'
[0.281s] Level 1:colcon.colcon_core.package_identification:_identify(.) by extensions ['colcon_meta']
[0.281s] Level 1:colcon.colcon_core.package_identification:_identify(.) by extension 'colcon_meta'
[0.281s] Level 1:colcon.colcon_core.package_identification:_identify(.) by extensions ['ros']
[0.281s] Level 1:colcon.colcon_core.package_identification:_identify(.) by extension 'ros'
[0.287s] Level 1:colcon.colcon_core.package_identification:_identify(.) by extensions ['cmake', 'python']
[0.287s] Level 1:colcon.colcon_core.package_identification:_identify(.) by extension 'cmake'
[0.287s] Level 1:colcon.colcon_core.package_identification:_identify(.) by extension 'python'
[0.287s] Level 1:colcon.colcon_core.package_identification:_identify(.) by extensions ['python_setup_py']
[0.287s] Level 1:colcon.colcon_core.package_identification:_identify(.) by extension 'python_setup_py'
[0.287s] Level 1:colcon.colcon_core.package_identification:_identify(build) by extensions ['ignore', 'ignore_ament_install']
[0.287s] Level 1:colcon.colcon_core.package_identification:_identify(build) by extension 'ignore'
[0.287s] Level 1:colcon.colcon_core.package_identification:_identify(build) ignored
[0.288s] Level 1:colcon.colcon_core.package_identification:_identify(install) by extensions ['ignore', 'ignore_ament_install']
[0.288s] Level 1:colcon.colcon_core.package_identification:_identify(install) by extension 'ignore'
[0.288s] Level 1:colcon.colcon_core.package_identification:_identify(install) ignored
[0.288s] Level 1:colcon.colcon_core.package_identification:_identify(log) by extensions ['ignore', 'ignore_ament_install']
[0.288s] Level 1:colcon.colcon_core.package_identification:_identify(log) by extension 'ignore'
[0.288s] Level 1:colcon.colcon_core.package_identification:_identify(log) ignored
[0.288s] Level 1:colcon.colcon_core.package_identification:_identify(src) by extensions ['ignore', 'ignore_ament_install']
[0.288s] Level 1:colcon.colcon_core.package_identification:_identify(src) by extension 'ignore'
[0.288s] Level 1:colcon.colcon_core.package_identification:_identify(src) by extension 'ignore_ament_install'
[0.289s] Level 1:colcon.colcon_core.package_identification:_identify(src) by extensions ['colcon_pkg']
[0.289s] Level 1:colcon.colcon_core.package_identification:_identify(src) by extension 'colcon_pkg'
[0.289s] Level 1:colcon.colcon_core.package_identification:_identify(src) by extensions ['colcon_meta']
[0.289s] Level 1:colcon.colcon_core.package_identification:_identify(src) by extension 'colcon_meta'
[0.289s] Level 1:colcon.colcon_core.package_identification:_identify(src) by extensions ['ros']
[0.289s] Level 1:colcon.colcon_core.package_identification:_identify(src) by extension 'ros'
[0.289s] Level 1:colcon.colcon_core.package_identification:_identify(src) by extensions ['cmake', 'python']
[0.289s] Level 1:colcon.colcon_core.package_identification:_identify(src) by extension 'cmake'
[0.290s] Level 1:colcon.colcon_core.package_identification:_identify(src) by extension 'python'
[0.290s] Level 1:colcon.colcon_core.package_identification:_identify(src) by extensions ['python_setup_py']
[0.290s] Level 1:colcon.colcon_core.package_identification:_identify(src) by extension 'python_setup_py'
[0.290s] Level 1:colcon.colcon_core.package_identification:_identify(src/video_publisher) by extensions ['ignore', 'ignore_ament_install']
[0.290s] Level 1:colcon.colcon_core.package_identification:_identify(src/video_publisher) by extension 'ignore'
[0.290s] Level 1:colcon.colcon_core.package_identification:_identify(src/video_publisher) by extension 'ignore_ament_install'
[0.290s] Level 1:colcon.colcon_core.package_identification:_identify(src/video_publisher) by extensions ['colcon_pkg']
[0.290s] Level 1:colcon.colcon_core.package_identification:_identify(src/video_publisher) by extension 'colcon_pkg'
[0.290s] Level 1:colcon.colcon_core.package_identification:_identify(src/video_publisher) by extensions ['colcon_meta']
[0.290s] Level 1:colcon.colcon_core.package_identification:_identify(src/video_publisher) by extension 'colcon_meta'
[0.290s] Level 1:colcon.colcon_core.package_identification:_identify(src/video_publisher) by extensions ['ros']
[0.290s] Level 1:colcon.colcon_core.package_identification:_identify(src/video_publisher) by extension 'ros'
[0.292s] DEBUG:colcon.colcon_core.package_identification:Package 'src/video_publisher' with type 'ros.ament_python' and name 'video_publisher'
[0.292s] Level 1:colcon.colcon_core.package_discovery:discover_packages(recursive) using defaults
[0.292s] Level 1:colcon.colcon_core.package_discovery:discover_packages(ignore) discover
[0.292s] Level 1:colcon.colcon_core.package_discovery:discover_packages(ignore) using defaults
[0.292s] Level 1:colcon.colcon_core.package_discovery:discover_packages(path) discover
[0.293s] Level 1:colcon.colcon_core.package_discovery:discover_packages(path) using defaults
[0.308s] Level 1:colcon.colcon_core.package_discovery:discover_packages(prefix_path) check parameters
[0.308s] Level 1:colcon.colcon_core.package_discovery:discover_packages(prefix_path) discover
[0.309s] DEBUG:colcon.colcon_installed_package_information.package_discovery:Found 272 installed packages in /opt/ros/humble
[0.309s] Level 1:colcon.colcon_core.package_discovery:discover_packages(prefix_path) using defaults
[0.325s] Level 5:colcon.colcon_core.verb:set package 'video_publisher' build argument 'cmake_args' from command line to 'None'
[0.325s] Level 5:colcon.colcon_core.verb:set package 'video_publisher' build argument 'cmake_target' from command line to 'None'
[0.325s] Level 5:colcon.colcon_core.verb:set package 'video_publisher' build argument 'cmake_target_skip_unavailable' from command line to 'False'
[0.325s] Level 5:colcon.colcon_core.verb:set package 'video_publisher' build argument 'cmake_clean_cache' from command line to 'False'
[0.325s] Level 5:colcon.colcon_core.verb:set package 'video_publisher' build argument 'cmake_clean_first' from command line to 'False'
[0.325s] Level 5:colcon.colcon_core.verb:set package 'video_publisher' build argument 'cmake_force_configure' from command line to 'False'
[0.325s] Level 5:colcon.colcon_core.verb:set package 'video_publisher' build argument 'ament_cmake_args' from command line to 'None'
[0.325s] Level 5:colcon.colcon_core.verb:set package 'video_publisher' build argument 'catkin_cmake_args' from command line to 'None'
[0.325s] Level 5:colcon.colcon_core.verb:set package 'video_publisher' build argument 'catkin_skip_building_tests' from command line to 'False'
[0.325s] DEBUG:colcon.colcon_core.verb:Building package 'video_publisher' with the following arguments: {'ament_cmake_args': None, 'build_base': '/home/slwp1/work/testing123/susan/ros2_ws/build/video_publisher', 'catkin_cmake_args': None, 'catkin_skip_building_tests': False, 'cmake_args': None, 'cmake_clean_cache': False, 'cmake_clean_first': False, 'cmake_force_configure': False, 'cmake_target': None, 'cmake_target_skip_unavailable': False, 'install_base': '/home/slwp1/work/testing123/susan/ros2_ws/install/video_publisher', 'merge_install': False, 'path': '/home/slwp1/work/testing123/susan/ros2_ws/src/video_publisher', 'symlink_install': False, 'test_result_base': None}
[0.325s] INFO:colcon.colcon_core.executor:Executing jobs using 'parallel' executor
[0.326s] DEBUG:colcon.colcon_parallel_executor.executor.parallel:run_until_complete
[0.326s] INFO:colcon.colcon_ros.task.ament_python.build:Building ROS package in '/home/slwp1/work/testing123/susan/ros2_ws/src/video_publisher' with build type 'ament_python'
[0.326s] Level 1:colcon.colcon_core.shell:create_environment_hook('video_publisher', 'ament_prefix_path')
[0.327s] INFO:colcon.colcon_core.plugin_system:Skipping extension 'colcon_core.shell.bat': Not used on non-Windows systems
[0.327s] INFO:colcon.colcon_core.shell:Creating environment hook '/home/slwp1/work/testing123/susan/ros2_ws/install/video_publisher/share/video_publisher/hook/ament_prefix_path.ps1'
[0.330s] INFO:colcon.colcon_core.shell:Creating environment descriptor '/home/slwp1/work/testing123/susan/ros2_ws/install/video_publisher/share/video_publisher/hook/ament_prefix_path.dsv'
[0.331s] INFO:colcon.colcon_core.shell:Creating environment hook '/home/slwp1/work/testing123/susan/ros2_ws/install/video_publisher/share/video_publisher/hook/ament_prefix_path.sh'
[0.332s] INFO:colcon.colcon_core.shell:Skip shell extension 'powershell' for command environment: Not usable outside of PowerShell
[0.332s] DEBUG:colcon.colcon_core.shell:Skip shell extension 'dsv' for command environment
[0.468s] INFO:colcon.colcon_core.task.python.build:Building Python package in '/home/slwp1/work/testing123/susan/ros2_ws/src/video_publisher'
[0.468s] INFO:colcon.colcon_core.shell:Skip shell extension 'powershell' for command environment: Not usable outside of PowerShell
[0.468s] DEBUG:colcon.colcon_core.shell:Skip shell extension 'dsv' for command environment
[0.915s] DEBUG:colcon.colcon_core.event_handler.log_command:Invoking command in '/home/slwp1/work/testing123/susan/ros2_ws/src/video_publisher': PYTHONPATH=/home/slwp1/work/testing123/susan/ros2_ws/build/video_publisher/prefix_override:/usr/lib/python3/dist-packages/colcon_core/task/python/colcon_distutils_commands:/home/slwp1/work/testing123/susan/ros2_ws/install/video_publisher/lib/python3.10/site-packages:${PYTHONPATH} /usr/bin/python3 -W ignore:setup.py install is deprecated -W ignore:easy_install command is deprecated setup.py egg_info --egg-base ../../build/video_publisher build --build-base /home/slwp1/work/testing123/susan/ros2_ws/build/video_publisher/build install --record /home/slwp1/work/testing123/susan/ros2_ws/build/video_publisher/install.log --single-version-externally-managed install_data
[1.099s] DEBUG:colcon.colcon_core.event_handler.log_command:Invoked command in '/home/slwp1/work/testing123/susan/ros2_ws/src/video_publisher' returned '0': PYTHONPATH=/home/slwp1/work/testing123/susan/ros2_ws/build/video_publisher/prefix_override:/usr/lib/python3/dist-packages/colcon_core/task/python/colcon_distutils_commands:/home/slwp1/work/testing123/susan/ros2_ws/install/video_publisher/lib/python3.10/site-packages:${PYTHONPATH} /usr/bin/python3 -W ignore:setup.py install is deprecated -W ignore:easy_install command is deprecated setup.py egg_info --egg-base ../../build/video_publisher build --build-base /home/slwp1/work/testing123/susan/ros2_ws/build/video_publisher/build install --record /home/slwp1/work/testing123/susan/ros2_ws/build/video_publisher/install.log --single-version-externally-managed install_data
[1.100s] Level 1:colcon.colcon_core.environment:checking '/home/slwp1/work/testing123/susan/ros2_ws/install/video_publisher' for CMake module files
[1.102s] Level 1:colcon.colcon_core.environment:checking '/home/slwp1/work/testing123/susan/ros2_ws/install/video_publisher' for CMake config files
[1.105s] Level 1:colcon.colcon_core.environment:checking '/home/slwp1/work/testing123/susan/ros2_ws/install/video_publisher/lib'
[1.105s] Level 1:colcon.colcon_core.environment:checking '/home/slwp1/work/testing123/susan/ros2_ws/install/video_publisher/bin'
[1.105s] Level 1:colcon.colcon_core.environment:checking '/home/slwp1/work/testing123/susan/ros2_ws/install/video_publisher/lib/pkgconfig/video_publisher.pc'
[1.105s] Level 1:colcon.colcon_core.environment:checking '/home/slwp1/work/testing123/susan/ros2_ws/install/video_publisher/lib/python3.10/site-packages'
[1.105s] Level 1:colcon.colcon_core.shell:create_environment_hook('video_publisher', 'pythonpath')
[1.106s] INFO:colcon.colcon_core.shell:Creating environment hook '/home/slwp1/work/testing123/susan/ros2_ws/install/video_publisher/share/video_publisher/hook/pythonpath.ps1'
[1.107s] INFO:colcon.colcon_core.shell:Creating environment descriptor '/home/slwp1/work/testing123/susan/ros2_ws/install/video_publisher/share/video_publisher/hook/pythonpath.dsv'
[1.108s] INFO:colcon.colcon_core.shell:Creating environment hook '/home/slwp1/work/testing123/susan/ros2_ws/install/video_publisher/share/video_publisher/hook/pythonpath.sh'
[1.109s] Level 1:colcon.colcon_core.environment:checking '/home/slwp1/work/testing123/susan/ros2_ws/install/video_publisher/bin'
[1.109s] Level 1:colcon.colcon_core.environment:create_environment_scripts_only(video_publisher)
[1.109s] INFO:colcon.colcon_core.shell:Creating package script '/home/slwp1/work/testing123/susan/ros2_ws/install/video_publisher/share/video_publisher/package.ps1'
[1.111s] INFO:colcon.colcon_core.shell:Creating package descriptor '/home/slwp1/work/testing123/susan/ros2_ws/install/video_publisher/share/video_publisher/package.dsv'
[1.112s] INFO:colcon.colcon_core.shell:Creating package script '/home/slwp1/work/testing123/susan/ros2_ws/install/video_publisher/share/video_publisher/package.sh'
[1.113s] INFO:colcon.colcon_core.shell:Creating package script '/home/slwp1/work/testing123/susan/ros2_ws/install/video_publisher/share/video_publisher/package.bash'
[1.114s] INFO:colcon.colcon_core.shell:Creating package script '/home/slwp1/work/testing123/susan/ros2_ws/install/video_publisher/share/video_publisher/package.zsh'
[1.115s] Level 1:colcon.colcon_core.environment:create_file_with_runtime_dependencies(/home/slwp1/work/testing123/susan/ros2_ws/install/video_publisher/share/colcon-core/packages/video_publisher)
[1.117s] DEBUG:colcon.colcon_parallel_executor.executor.parallel:closing loop
[1.117s] DEBUG:colcon.colcon_parallel_executor.executor.parallel:loop closed
[1.117s] DEBUG:colcon.colcon_parallel_executor.executor.parallel:run_until_complete finished with '0'
[1.117s] DEBUG:colcon.colcon_core.event_reactor:joining thread
[1.176s] INFO:colcon.colcon_core.plugin_system:Skipping extension 'colcon_notification.desktop_notification.notify_send': Could not find 'notify-send'
[1.176s] INFO:colcon.colcon_core.plugin_system:Skipping extension 'colcon_notification.desktop_notification.terminal_notifier': Not used on non-Darwin systems
[1.176s] INFO:colcon.colcon_core.plugin_system:Skipping extension 'colcon_notification.desktop_notification.win32': Not used on non-Windows systems
[1.176s] INFO:colcon.colcon_notification.desktop_notification:Sending desktop notification using 'notify2'
[1.176s] DEBUG:colcon.colcon_notification.desktop_notification.notify2:Failed to initialize notify2: org.freedesktop.DBus.Error.NotSupported: Unable to autolaunch a dbus-daemon without a $DISPLAY for X11
[1.176s] DEBUG:colcon.colcon_core.event_reactor:joined thread
[1.176s] INFO:colcon.colcon_core.shell:Creating prefix script '/home/slwp1/work/testing123/susan/ros2_ws/install/local_setup.ps1'
[1.177s] INFO:colcon.colcon_core.shell:Creating prefix util module '/home/slwp1/work/testing123/susan/ros2_ws/install/_local_setup_util_ps1.py'
[1.178s] INFO:colcon.colcon_core.shell:Creating prefix chain script '/home/slwp1/work/testing123/susan/ros2_ws/install/setup.ps1'
[1.179s] INFO:colcon.colcon_core.shell:Creating prefix script '/home/slwp1/work/testing123/susan/ros2_ws/install/local_setup.sh'
[1.180s] INFO:colcon.colcon_core.shell:Creating prefix util module '/home/slwp1/work/testing123/susan/ros2_ws/install/_local_setup_util_sh.py'
[1.181s] INFO:colcon.colcon_core.shell:Creating prefix chain script '/home/slwp1/work/testing123/susan/ros2_ws/install/setup.sh'
[1.182s] INFO:colcon.colcon_core.shell:Creating prefix script '/home/slwp1/work/testing123/susan/ros2_ws/install/local_setup.bash'
[1.183s] INFO:colcon.colcon_core.shell:Creating prefix chain script '/home/slwp1/work/testing123/susan/ros2_ws/install/setup.bash'
[1.184s] INFO:colcon.colcon_core.shell:Creating prefix script '/home/slwp1/work/testing123/susan/ros2_ws/install/local_setup.zsh'
[1.185s] INFO:colcon.colcon_core.shell:Creating prefix chain script '/home/slwp1/work/testing123/susan/ros2_ws/install/setup.zsh'
