running egg_info
creating ../../build/video_publisher/video_publisher.egg-info
writing ../../build/video_publisher/video_publisher.egg-info/PKG-INFO
writing dependency_links to ../../build/video_publisher/video_publisher.egg-info/dependency_links.txt
writing entry points to ../../build/video_publisher/video_publisher.egg-info/entry_points.txt
writing requirements to ../../build/video_publisher/video_publisher.egg-info/requires.txt
writing top-level names to ../../build/video_publisher/video_publisher.egg-info/top_level.txt
writing manifest file '../../build/video_publisher/video_publisher.egg-info/SOURCES.txt'
reading manifest file '../../build/video_publisher/video_publisher.egg-info/SOURCES.txt'
writing manifest file '../../build/video_publisher/video_publisher.egg-info/SOURCES.txt'
running build
running build_py
creating /home/slwp1/work/testing123/susan/ros2_ws/build/video_publisher/build
creating /home/slwp1/work/testing123/susan/ros2_ws/build/video_publisher/build/lib
creating /home/slwp1/work/testing123/susan/ros2_ws/build/video_publisher/build/lib/video_publisher
copying video_publisher/video_pub.py -> /home/slwp1/work/testing123/susan/ros2_ws/build/video_publisher/build/lib/video_publisher
copying video_publisher/__init__.py -> /home/slwp1/work/testing123/susan/ros2_ws/build/video_publisher/build/lib/video_publisher
running install
running install_lib
creating /home/slwp1/work/testing123/susan/ros2_ws/install/video_publisher/lib/python3.10/site-packages/video_publisher
copying /home/slwp1/work/testing123/susan/ros2_ws/build/video_publisher/build/lib/video_publisher/video_pub.py -> /home/slwp1/work/testing123/susan/ros2_ws/install/video_publisher/lib/python3.10/site-packages/video_publisher
copying /home/slwp1/work/testing123/susan/ros2_ws/build/video_publisher/build/lib/video_publisher/__init__.py -> /home/slwp1/work/testing123/susan/ros2_ws/install/video_publisher/lib/python3.10/site-packages/video_publisher
byte-compiling /home/slwp1/work/testing123/susan/ros2_ws/install/video_publisher/lib/python3.10/site-packages/video_publisher/video_pub.py to video_pub.cpython-310.pyc
byte-compiling /home/slwp1/work/testing123/susan/ros2_ws/install/video_publisher/lib/python3.10/site-packages/video_publisher/__init__.py to __init__.cpython-310.pyc
running install_data
creating /home/slwp1/work/testing123/susan/ros2_ws/install/video_publisher/share/ament_index
creating /home/slwp1/work/testing123/susan/ros2_ws/install/video_publisher/share/ament_index/resource_index
creating /home/slwp1/work/testing123/susan/ros2_ws/install/video_publisher/share/ament_index/resource_index/packages
copying resource/video_publisher -> /home/slwp1/work/testing123/susan/ros2_ws/install/video_publisher/share/ament_index/resource_index/packages
copying package.xml -> /home/slwp1/work/testing123/susan/ros2_ws/install/video_publisher/share/video_publisher
running install_egg_info
Copying ../../build/video_publisher/video_publisher.egg-info to /home/slwp1/work/testing123/susan/ros2_ws/install/video_publisher/lib/python3.10/site-packages/video_publisher-0.0.0-py3.10.egg-info
running install_scripts
Installing video_pub script to /home/slwp1/work/testing123/susan/ros2_ws/install/video_publisher/lib/video_publisher
writing list of installed files to '/home/slwp1/work/testing123/susan/ros2_ws/build/video_publisher/install.log'
