[0.589s] Invoking command in '/home/slwp1/work/testing123/susan/ros2_ws/src/video_publisher': PYTHONPATH=/home/slwp1/work/testing123/susan/ros2_ws/build/video_publisher/prefix_override:/usr/lib/python3/dist-packages/colcon_core/task/python/colcon_distutils_commands:/home/slwp1/work/testing123/susan/ros2_ws/install/video_publisher/lib/python3.10/site-packages:${PYTHONPATH} /usr/bin/python3 -W ignore:setup.py install is deprecated -W ignore:easy_install command is deprecated setup.py egg_info --egg-base ../../build/video_publisher build --build-base /home/slwp1/work/testing123/susan/ros2_ws/build/video_publisher/build install --record /home/slwp1/work/testing123/susan/ros2_ws/build/video_publisher/install.log --single-version-externally-managed install_data
[0.701s] running egg_info
[0.702s] creating ../../build/video_publisher/video_publisher.egg-info
[0.702s] writing ../../build/video_publisher/video_publisher.egg-info/PKG-INFO
[0.704s] writing dependency_links to ../../build/video_publisher/video_publisher.egg-info/dependency_links.txt
[0.705s] writing entry points to ../../build/video_publisher/video_publisher.egg-info/entry_points.txt
[0.706s] writing requirements to ../../build/video_publisher/video_publisher.egg-info/requires.txt
[0.707s] writing top-level names to ../../build/video_publisher/video_publisher.egg-info/top_level.txt
[0.708s] writing manifest file '../../build/video_publisher/video_publisher.egg-info/SOURCES.txt'
[0.711s] reading manifest file '../../build/video_publisher/video_publisher.egg-info/SOURCES.txt'
[0.712s] writing manifest file '../../build/video_publisher/video_publisher.egg-info/SOURCES.txt'
[0.713s] running build
[0.713s] running build_py
[0.713s] creating /home/slwp1/work/testing123/susan/ros2_ws/build/video_publisher/build
[0.713s] creating /home/slwp1/work/testing123/susan/ros2_ws/build/video_publisher/build/lib
[0.714s] creating /home/slwp1/work/testing123/susan/ros2_ws/build/video_publisher/build/lib/video_publisher
[0.714s] copying video_publisher/video_pub.py -> /home/slwp1/work/testing123/susan/ros2_ws/build/video_publisher/build/lib/video_publisher
[0.716s] copying video_publisher/__init__.py -> /home/slwp1/work/testing123/susan/ros2_ws/build/video_publisher/build/lib/video_publisher
[0.718s] running install
[0.718s] running install_lib
[0.719s] creating /home/slwp1/work/testing123/susan/ros2_ws/install/video_publisher/lib/python3.10/site-packages/video_publisher
[0.719s] copying /home/slwp1/work/testing123/susan/ros2_ws/build/video_publisher/build/lib/video_publisher/video_pub.py -> /home/slwp1/work/testing123/susan/ros2_ws/install/video_publisher/lib/python3.10/site-packages/video_publisher
[0.721s] copying /home/slwp1/work/testing123/susan/ros2_ws/build/video_publisher/build/lib/video_publisher/__init__.py -> /home/slwp1/work/testing123/susan/ros2_ws/install/video_publisher/lib/python3.10/site-packages/video_publisher
[0.723s] byte-compiling /home/slwp1/work/testing123/susan/ros2_ws/install/video_publisher/lib/python3.10/site-packages/video_publisher/video_pub.py to video_pub.cpython-310.pyc
[0.725s] byte-compiling /home/slwp1/work/testing123/susan/ros2_ws/install/video_publisher/lib/python3.10/site-packages/video_publisher/__init__.py to __init__.cpython-310.pyc
[0.727s] running install_data
[0.727s] creating /home/slwp1/work/testing123/susan/ros2_ws/install/video_publisher/share/ament_index
[0.727s] creating /home/slwp1/work/testing123/susan/ros2_ws/install/video_publisher/share/ament_index/resource_index
[0.728s] creating /home/slwp1/work/testing123/susan/ros2_ws/install/video_publisher/share/ament_index/resource_index/packages
[0.729s] copying resource/video_publisher -> /home/slwp1/work/testing123/susan/ros2_ws/install/video_publisher/share/ament_index/resource_index/packages
[0.730s] copying package.xml -> /home/slwp1/work/testing123/susan/ros2_ws/install/video_publisher/share/video_publisher
[0.731s] running install_egg_info
[0.733s] Copying ../../build/video_publisher/video_publisher.egg-info to /home/slwp1/work/testing123/susan/ros2_ws/install/video_publisher/lib/python3.10/site-packages/video_publisher-0.0.0-py3.10.egg-info
[0.747s] running install_scripts
[0.759s] Installing video_pub script to /home/slwp1/work/testing123/susan/ros2_ws/install/video_publisher/lib/video_publisher
[0.760s] writing list of installed files to '/home/slwp1/work/testing123/susan/ros2_ws/build/video_publisher/install.log'
[0.773s] Invoked command in '/home/slwp1/work/testing123/susan/ros2_ws/src/video_publisher' returned '0': PYTHONPATH=/home/slwp1/work/testing123/susan/ros2_ws/build/video_publisher/prefix_override:/usr/lib/python3/dist-packages/colcon_core/task/python/colcon_distutils_commands:/home/slwp1/work/testing123/susan/ros2_ws/install/video_publisher/lib/python3.10/site-packages:${PYTHONPATH} /usr/bin/python3 -W ignore:setup.py install is deprecated -W ignore:easy_install command is deprecated setup.py egg_info --egg-base ../../build/video_publisher build --build-base /home/slwp1/work/testing123/susan/ros2_ws/build/video_publisher/build install --record /home/slwp1/work/testing123/susan/ros2_ws/build/video_publisher/install.log --single-version-externally-managed install_data
